<?xml version="1.0" encoding="UTF-8"?>
<!-- Generated by org.testng.reporters.JUnitXMLReporter -->
<testsuite hostname="LAPTOP-354O6RMQ" ignored="0" name="RestAssuredAPITestingFramework" tests="5" failures="0" timestamp="2021-01-24T15:38:56 AEDT" time="12.823" errors="0">
  <testcase name="testGetBookingIDs" time="0.011" classname="TestCases.GetBookingIds"/>
  <testcase name="testGetBookingID" time="0.001" classname="TestCases.GetBookingID"/>
  <testcase name="testPostCreateToken" time="0.001" classname="TestCases.CreateAuthToken"/>
  <testcase name="testBooking" time="0.001" classname="TestCases.CreateBooking"/>
  <testcase name="testCreateEmployee" time="0.002" classname="TestCases.CreateEmployee"/>
</testsuite> <!-- RestAssuredAPITestingFramework -->
