<?xml version="1.0" encoding="UTF-8"?>
<testng-results skipped="0" failed="0" ignored="0" total="2" passed="2">
  <reporter-output>
  </reporter-output>
  <suite name="Default suite" duration-ms="9229" started-at="2021-01-24T16:32:36 AEDT" finished-at="2021-01-24T16:32:46 AEDT">
    <groups>
    </groups>
    <test name="Default test" duration-ms="9229" started-at="2021-01-24T16:32:36 AEDT" finished-at="2021-01-24T16:32:46 AEDT">
      <class name="TestCases.CreateBooking">
        <test-method status="PASS" signature="setup()[pri:0, instance:TestCases.CreateBooking@3cc2931c]" name="setup" is-config="true" duration-ms="118" started-at="2021-01-24T16:32:36 AEDT" finished-at="2021-01-24T16:32:37 AEDT">
          <reporter-output>
          </reporter-output>
        </test-method> <!-- setup -->
        <test-method status="PASS" signature="createBooking(java.lang.String, java.lang.String, java.lang.String, java.lang.String, java.lang.String, java.lang.String, java.lang.String)[pri:0, instance:TestCases.CreateBooking@3cc2931c]" name="createBooking" duration-ms="6029" started-at="2021-01-24T16:32:38 AEDT" data-provider="CreateBooking" finished-at="2021-01-24T16:32:44 AEDT">
          <params>
            <param index="0">
              <value>
                <![CDATA[Imran]]>
              </value>
            </param>
            <param index="1">
              <value>
                <![CDATA[Qasim]]>
              </value>
            </param>
            <param index="2">
              <value>
                <![CDATA[110]]>
              </value>
            </param>
            <param index="3">
              <value>
                <![CDATA[true]]>
              </value>
            </param>
            <param index="4">
              <value>
                <![CDATA[2021-12-30]]>
              </value>
            </param>
            <param index="5">
              <value>
                <![CDATA[2021-12-31]]>
              </value>
            </param>
            <param index="6">
              <value>
                <![CDATA[Breakfast]]>
              </value>
            </param>
          </params>
          <reporter-output>
          </reporter-output>
        </test-method> <!-- createBooking -->
        <test-method status="PASS" signature="createBooking(java.lang.String, java.lang.String, java.lang.String, java.lang.String, java.lang.String, java.lang.String, java.lang.String)[pri:0, instance:TestCases.CreateBooking@3cc2931c]" name="createBooking" duration-ms="1304" started-at="2021-01-24T16:32:44 AEDT" data-provider="CreateBooking" finished-at="2021-01-24T16:32:46 AEDT">
          <params>
            <param index="0">
              <value>
                <![CDATA[Samreen]]>
              </value>
            </param>
            <param index="1">
              <value>
                <![CDATA[Rehman]]>
              </value>
            </param>
            <param index="2">
              <value>
                <![CDATA[110]]>
              </value>
            </param>
            <param index="3">
              <value>
                <![CDATA[false]]>
              </value>
            </param>
            <param index="4">
              <value>
                <![CDATA[2021-12-30]]>
              </value>
            </param>
            <param index="5">
              <value>
                <![CDATA[2021-12-31]]>
              </value>
            </param>
            <param index="6">
              <value>
                <![CDATA[Lunch]]>
              </value>
            </param>
          </params>
          <reporter-output>
          </reporter-output>
        </test-method> <!-- createBooking -->
        <test-method status="PASS" signature="tearDown()[pri:0, instance:TestCases.CreateBooking@3cc2931c]" name="tearDown" is-config="true" duration-ms="0" started-at="2021-01-24T16:32:46 AEDT" finished-at="2021-01-24T16:32:46 AEDT">
          <reporter-output>
          </reporter-output>
        </test-method> <!-- tearDown -->
      </class> <!-- TestCases.CreateBooking -->
    </test> <!-- Default test -->
  </suite> <!-- Default suite -->
</testng-results>
